<?xml version="1.0" encoding="UTF-8"?>
<coverage generated="1552367137388" clover="3.2.0">
  <project timestamp="1552367137388" name="All files">
    <metrics statements="17" coveredstatements="17" conditionals="10" coveredconditionals="10" methods="4" coveredmethods="4" elements="31" coveredelements="31" complexity="0" loc="17" ncloc="17" packages="1" files="2" classes="2"/>
    <file name="app.js" path="/Users/tarekulislam/practiceTest/app.js">
      <metrics statements="14" coveredstatements="14" conditionals="10" coveredconditionals="10" methods="3" coveredmethods="3"/>
      <line num="1" count="1" type="stmt"/>
      <line num="3" count="1" type="stmt"/>
      <line num="4" count="36" type="cond" truecount="2" falsecount="0"/>
      <line num="5" count="1" type="stmt"/>
      <line num="8" count="11" type="cond" truecount="2" falsecount="0"/>
      <line num="9" count="8" type="cond" truecount="2" falsecount="0"/>
      <line num="10" count="6" type="cond" truecount="2" falsecount="0"/>
      <line num="11" count="4" type="cond" truecount="2" falsecount="0"/>
      <line num="12" count="2" type="stmt"/>
      <line num="16" count="1" type="stmt"/>
      <line num="17" count="5" type="stmt"/>
      <line num="23" count="5" type="stmt"/>
      <line num="26" count="1" type="stmt"/>
      <line num="28" count="1" type="stmt"/>
    </file>
    <file name="validator.js" path="/Users/tarekulislam/practiceTest/validator.js">
      <metrics statements="3" coveredstatements="3" conditionals="0" coveredconditionals="0" methods="1" coveredmethods="1"/>
      <line num="1" count="2" type="stmt"/>
      <line num="2" count="18" type="stmt"/>
      <line num="5" count="2" type="stmt"/>
    </file>
  </project>
</coverage>
