{"/Users/tarekulislam/practiceTest/app.js": {"path":"/Users/tarekulislam/practiceTest/app.js","statementMap":{"0":{"start":{"line":1,"column":20},"end":{"line":1,"column":42}},"1":{"start":{"line":3,"column":12},"end":{"line":14,"column":1}},"2":{"start":{"line":4,"column":4},"end":{"line":13,"column":5}},"3":{"start":{"line":4,"column":32},"end":{"line":4,"column":49}},"4":{"start":{"line":5,"column":8},"end":{"line":5,"column":37}},"5":{"start":{"line":8,"column":8},"end":{"line":12,"column":38}},"6":{"start":{"line":8,"column":29},"end":{"line":8,"column":47}},"7":{"start":{"line":9,"column":13},"end":{"line":12,"column":38}},"8":{"start":{"line":9,"column":34},"end":{"line":9,"column":52}},"9":{"start":{"line":10,"column":13},"end":{"line":12,"column":38}},"10":{"start":{"line":10,"column":34},"end":{"line":10,"column":52}},"11":{"start":{"line":11,"column":13},"end":{"line":12,"column":38}},"12":{"start":{"line":11,"column":34},"end":{"line":11,"column":52}},"13":{"start":{"line":12,"column":13},"end":{"line":12,"column":38}},"14":{"start":{"line":16,"column":18},"end":{"line":24,"column":1}},"15":{"start":{"line":17,"column":21},"end":{"line":21,"column":5}},"16":{"start":{"line":23,"column":4},"end":{"line":23,"column":43}},"17":{"start":{"line":26,"column":0},"end":{"line":26,"column":42}},"18":{"start":{"line":28,"column":0},"end":{"line":28,"column":32}}},"fnMap":{"0":{"name":"(anonymous_0)","decl":{"start":{"line":3,"column":12},"end":{"line":3,"column":13}},"loc":{"start":{"line":3,"column":44},"end":{"line":14,"column":1}},"line":3},"1":{"name":"(anonymous_1)","decl":{"start":{"line":4,"column":21},"end":{"line":4,"column":22}},"loc":{"start":{"line":4,"column":32},"end":{"line":4,"column":49}},"line":4},"2":{"name":"(anonymous_2)","decl":{"start":{"line":16,"column":18},"end":{"line":16,"column":19}},"loc":{"start":{"line":16,"column":41},"end":{"line":24,"column":1}},"line":16}},"branchMap":{"0":{"loc":{"start":{"line":4,"column":4},"end":{"line":13,"column":5}},"type":"if","locations":[{"start":{"line":4,"column":4},"end":{"line":13,"column":5}},{"start":{"line":4,"column":4},"end":{"line":13,"column":5}}],"line":4},"1":{"loc":{"start":{"line":8,"column":8},"end":{"line":12,"column":38}},"type":"if","locations":[{"start":{"line":8,"column":8},"end":{"line":12,"column":38}},{"start":{"line":8,"column":8},"end":{"line":12,"column":38}}],"line":8},"2":{"loc":{"start":{"line":9,"column":13},"end":{"line":12,"column":38}},"type":"if","locations":[{"start":{"line":9,"column":13},"end":{"line":12,"column":38}},{"start":{"line":9,"column":13},"end":{"line":12,"column":38}}],"line":9},"3":{"loc":{"start":{"line":10,"column":13},"end":{"line":12,"column":38}},"type":"if","locations":[{"start":{"line":10,"column":13},"end":{"line":12,"column":38}},{"start":{"line":10,"column":13},"end":{"line":12,"column":38}}],"line":10},"4":{"loc":{"start":{"line":11,"column":13},"end":{"line":12,"column":38}},"type":"if","locations":[{"start":{"line":11,"column":13},"end":{"line":12,"column":38}},{"start":{"line":11,"column":13},"end":{"line":12,"column":38}}],"line":11}},"s":{"0":1,"1":1,"2":12,"3":36,"4":1,"5":11,"6":3,"7":8,"8":2,"9":6,"10":2,"11":4,"12":2,"13":2,"14":1,"15":5,"16":5,"17":1,"18":1},"f":{"0":12,"1":36,"2":5},"b":{"0":[1,11],"1":[3,8],"2":[2,6],"3":[2,4],"4":[2,2]},"_coverageSchema":"43e27e138ebf9cfc5966b082cf9a028302ed4184","hash":"601113f1a5f8fc243f4a96bc00a1a93ba9b3a74f"}
,"/Users/tarekulislam/practiceTest/validator.js": {"path":"/Users/tarekulislam/practiceTest/validator.js","statementMap":{"0":{"start":{"line":1,"column":18},"end":{"line":3,"column":1}},"1":{"start":{"line":2,"column":4},"end":{"line":2,"column":32}},"2":{"start":{"line":5,"column":0},"end":{"line":5,"column":28}}},"fnMap":{"0":{"name":"(anonymous_0)","decl":{"start":{"line":1,"column":18},"end":{"line":1,"column":19}},"loc":{"start":{"line":1,"column":33},"end":{"line":3,"column":1}},"line":1}},"branchMap":{},"s":{"0":2,"1":18,"2":2},"f":{"0":18},"b":{},"_coverageSchema":"43e27e138ebf9cfc5966b082cf9a028302ed4184","hash":"2f42b7596ff17e3d2cfc093a3fbdc54aade2cb4c"}
}
