TN:
SF:/Users/tarekulislam/practiceTest/app.js
FN:3,(anonymous_0)
FN:4,(anonymous_1)
FN:16,(anonymous_2)
FNF:3
FNH:3
FNDA:12,(anonymous_0)
FNDA:36,(anonymous_1)
FNDA:5,(anonymous_2)
DA:1,1
DA:3,1
DA:4,36
DA:5,1
DA:8,11
DA:9,8
DA:10,6
DA:11,4
DA:12,2
DA:16,1
DA:17,5
DA:23,5
DA:26,1
DA:28,1
LF:14
LH:14
BRDA:4,0,0,1
BRDA:4,0,1,11
BRDA:8,1,0,3
BRDA:8,1,1,8
BRDA:9,2,0,2
BRDA:9,2,1,6
BRDA:10,3,0,2
BRDA:10,3,1,4
BRDA:11,4,0,2
BRDA:11,4,1,2
BRF:10
BRH:10
end_of_record
TN:
SF:/Users/tarekulislam/practiceTest/validator.js
FN:1,(anonymous_0)
FNF:1
FNH:1
FNDA:18,(anonymous_0)
DA:1,2
DA:2,18
DA:5,2
LF:3
LH:3
BRF:0
BRH:0
end_of_record
